<?xml version="1.0" encoding="UTF-8"?>
<!-- Generated by org.testng.reporters.JUnitReportReporter -->
<testsuite hostname="Amulyas-MacBook-Air.local" failures="0" tests="3" name="javaConcepts.AmazonUsingTestNG" time="0.028" errors="0" timestamp="14 Sep 2018 01:36:30 GMT" skipped="0">
  <testcase classname="javaConcepts.AmazonUsingTestNG" name="purchaseItems" time="0.006"/>
  <testcase classname="javaConcepts.AmazonUsingTestNG" name="updateOrder" time="0.007"/>
  <testcase classname="javaConcepts.AmazonUsingTestNG" name="removeOrder" time="0.015"/>
</testsuite> <!-- javaConcepts.AmazonUsingTestNG -->
