<?xml version="1.0" encoding="UTF-8"?>
<!-- Generated by org.testng.reporters.JUnitReportReporter -->
<testsuite hostname="Amulyas-MacBook-Air.local" failures="0" tests="1" name="automationConcepts.VerificationsUsingTestNG" time="14.333" errors="0" timestamp="02 Oct 2018 02:13:20 GMT" skipped="0">
  <testcase classname="automationConcepts.VerificationsUsingTestNG" name="exForverifications" time="14.333"/>
</testsuite> <!-- automationConcepts.VerificationsUsingTestNG -->
